This is pdfTeX, Version 3.14159265-2.6-1.40.20 (TeX Live 2019/Debian) (preloaded format=pdflatex 2021.6.23)  29 SEP 2021 16:11
entering extended mode
 restricted \write18 enabled.
 %&-line parsing enabled.
**articleCustomerDropoutMembership.tex
(./articleCustomerDropoutMembership.tex
LaTeX2e <2020-02-02> patch level 2
L3 programming layer <2020-02-14> (/usr/share/texlive/texmf-dist/tex/latex/base
/article.cls
Document Class: article 2019/12/20 v1.4l Standard LaTeX document class
(/usr/share/texlive/texmf-dist/tex/latex/base/size12.clo
File: size12.clo 2019/12/20 v1.4l Standard LaTeX file (size option)
)
\c@part=\count167
\c@section=\count168
\c@subsection=\count169
\c@subsubsection=\count170
\c@paragraph=\count171
\c@subparagraph=\count172
\c@figure=\count173
\c@table=\count174
\abovecaptionskip=\skip47
\belowcaptionskip=\skip48
\bibindent=\dimen134
) (/usr/share/texlive/texmf-dist/tex/latex/amsmath/amsmath.sty
Package: amsmath 2020/01/20 v2.17e AMS math features
\@mathmargin=\skip49
For additional information on amsmath, use the `?' option.
(/usr/share/texlive/texmf-dist/tex/latex/amsmath/amstext.sty
Package: amstext 2000/06/29 v2.01 AMS text
(/usr/share/texlive/texmf-dist/tex/latex/amsmath/amsgen.sty
File: amsgen.sty 1999/11/30 v2.0 generic functions
\@emptytoks=\toks14
\ex@=\dimen135
)) (/usr/share/texlive/texmf-dist/tex/latex/amsmath/amsbsy.sty
Package: amsbsy 1999/11/29 v1.2d Bold Symbols
\pmbraise@=\dimen136
) (/usr/share/texlive/texmf-dist/tex/latex/amsmath/amsopn.sty
Package: amsopn 2016/03/08 v2.02 operator names
)
\inf@bad=\count175
LaTeX Info: Redefining \frac on input line 227.
\uproot@=\count176
\leftroot@=\count177
LaTeX Info: Redefining \overline on input line 389.
\classnum@=\count178
\DOTSCASE@=\count179
LaTeX Info: Redefining \ldots on input line 486.
LaTeX Info: Redefining \dots on input line 489.
LaTeX Info: Redefining \cdots on input line 610.
\Mathstrutbox@=\box45
\strutbox@=\box46
\big@size=\dimen137
LaTeX Font Info:    Redeclaring font encoding OML on input line 733.
LaTeX Font Info:    Redeclaring font encoding OMS on input line 734.
\macc@depth=\count180
\c@MaxMatrixCols=\count181
\dotsspace@=\muskip16
\c@parentequation=\count182
\dspbrk@lvl=\count183
\tag@help=\toks15
\row@=\count184
\column@=\count185
\maxfields@=\count186
\andhelp@=\toks16
\eqnshift@=\dimen138
\alignsep@=\dimen139
\tagshift@=\dimen140
\tagwidth@=\dimen141
\totwidth@=\dimen142
\lineht@=\dimen143
\@envbody=\toks17
\multlinegap=\skip50
\multlinetaggap=\skip51
\mathdisplay@stack=\toks18
LaTeX Info: Redefining \[ on input line 2859.
LaTeX Info: Redefining \] on input line 2860.
) (/usr/share/texlive/texmf-dist/tex/latex/amsfonts/amssymb.sty
Package: amssymb 2013/01/14 v3.01 AMS font symbols
(/usr/share/texlive/texmf-dist/tex/latex/amsfonts/amsfonts.sty
Package: amsfonts 2013/01/14 v3.01 Basic AMSFonts support
\symAMSa=\mathgroup4
\symAMSb=\mathgroup5
LaTeX Font Info:    Redeclaring math symbol \hbar on input line 98.
LaTeX Font Info:    Overwriting math alphabet `\mathfrak' in version `bold'
(Font)                  U/euf/m/n --> U/euf/b/n on input line 106.
)) (/usr/share/texmf/tex/latex/lm/lmodern.sty
Package: lmodern 2009/10/30 v1.6 Latin Modern Fonts
LaTeX Font Info:    Overwriting symbol font `operators' in version `normal'
(Font)                  OT1/cmr/m/n --> OT1/lmr/m/n on input line 22.
LaTeX Font Info:    Overwriting symbol font `letters' in version `normal'
(Font)                  OML/cmm/m/it --> OML/lmm/m/it on input line 23.
LaTeX Font Info:    Overwriting symbol font `symbols' in version `normal'
(Font)                  OMS/cmsy/m/n --> OMS/lmsy/m/n on input line 24.
LaTeX Font Info:    Overwriting symbol font `largesymbols' in version `normal'
(Font)                  OMX/cmex/m/n --> OMX/lmex/m/n on input line 25.
LaTeX Font Info:    Overwriting symbol font `operators' in version `bold'
(Font)                  OT1/cmr/bx/n --> OT1/lmr/bx/n on input line 26.
LaTeX Font Info:    Overwriting symbol font `letters' in version `bold'
(Font)                  OML/cmm/b/it --> OML/lmm/b/it on input line 27.
LaTeX Font Info:    Overwriting symbol font `symbols' in version `bold'
(Font)                  OMS/cmsy/b/n --> OMS/lmsy/b/n on input line 28.
LaTeX Font Info:    Overwriting symbol font `largesymbols' in version `bold'
(Font)                  OMX/cmex/m/n --> OMX/lmex/m/n on input line 29.
LaTeX Font Info:    Overwriting math alphabet `\mathbf' in version `normal'
(Font)                  OT1/cmr/bx/n --> OT1/lmr/bx/n on input line 31.
LaTeX Font Info:    Overwriting math alphabet `\mathsf' in version `normal'
(Font)                  OT1/cmss/m/n --> OT1/lmss/m/n on input line 32.
LaTeX Font Info:    Overwriting math alphabet `\mathit' in version `normal'
(Font)                  OT1/cmr/m/it --> OT1/lmr/m/it on input line 33.
LaTeX Font Info:    Overwriting math alphabet `\mathtt' in version `normal'
(Font)                  OT1/cmtt/m/n --> OT1/lmtt/m/n on input line 34.
LaTeX Font Info:    Overwriting math alphabet `\mathbf' in version `bold'
(Font)                  OT1/cmr/bx/n --> OT1/lmr/bx/n on input line 35.
LaTeX Font Info:    Overwriting math alphabet `\mathsf' in version `bold'
(Font)                  OT1/cmss/bx/n --> OT1/lmss/bx/n on input line 36.
LaTeX Font Info:    Overwriting math alphabet `\mathit' in version `bold'
(Font)                  OT1/cmr/bx/it --> OT1/lmr/bx/it on input line 37.
LaTeX Font Info:    Overwriting math alphabet `\mathtt' in version `bold'
(Font)                  OT1/cmtt/m/n --> OT1/lmtt/m/n on input line 38.
) (/usr/share/texlive/texmf-dist/tex/latex/setspace/setspace.sty
Package: setspace 2011/12/19 v6.7a set line spacing
) (/usr/share/texlive/texmf-dist/tex/generic/iftex/iftex.sty
Package: iftex 2019/11/07 v1.0c TeX engine tests
) (/usr/share/texlive/texmf-dist/tex/latex/base/fontenc.sty
Package: fontenc 2020/02/11 v2.0o Standard LaTeX package
LaTeX Font Info:    Trying to load font information for T1+lmr on input line 11
2.
(/usr/share/texmf/tex/latex/lm/t1lmr.fd
File: t1lmr.fd 2009/10/30 v1.6 Font defs for Latin Modern
)) (/usr/share/texlive/texmf-dist/tex/latex/base/inputenc.sty
Package: inputenc 2018/08/11 v1.3c Input encoding file
\inpenc@prehook=\toks19
\inpenc@posthook=\toks20
) (/usr/share/texlive/texmf-dist/tex/latex/base/textcomp.sty
Package: textcomp 2020/02/02 v2.0n Standard LaTeX package
) (/usr/share/texlive/texmf-dist/tex/latex/upquote/upquote.sty
Package: upquote 2012/04/19 v1.3 upright-quote and grave-accent glyphs in verba
tim
) (/usr/share/texlive/texmf-dist/tex/latex/microtype/microtype.sty
Package: microtype 2019/11/18 v2.7d Micro-typographical refinements (RS)
(/usr/share/texlive/texmf-dist/tex/latex/graphics/keyval.sty
Package: keyval 2014/10/28 v1.15 key=value parser (DPC)
\KV@toks@=\toks21
)
\MT@toks=\toks22
\MT@count=\count187
LaTeX Info: Redefining \textls on input line 790.
\MT@outer@kern=\dimen144
LaTeX Info: Redefining \textmicrotypecontext on input line 1354.
\MT@listname@count=\count188
(/usr/share/texlive/texmf-dist/tex/latex/microtype/microtype-pdftex.def
File: microtype-pdftex.def 2019/11/18 v2.7d Definitions specific to pdftex (RS)

LaTeX Info: Redefining \lsstyle on input line 914.
LaTeX Info: Redefining \lslig on input line 914.
\MT@outer@space=\skip52
)
Package microtype Info: Loading configuration file microtype.cfg.
(/usr/share/texlive/texmf-dist/tex/latex/microtype/microtype.cfg
File: microtype.cfg 2019/11/18 v2.7d microtype main configuration file (RS)
)) (/usr/share/texlive/texmf-dist/tex/latex/parskip/parskip.sty
Package: parskip 2020-01-22 v2.0d non-zero parskip adjustments
(/usr/share/texlive/texmf-dist/tex/latex/kvoptions/kvoptions.sty
Package: kvoptions 2019/11/29 v3.13 Key value format for package options (HO)
(/usr/share/texlive/texmf-dist/tex/generic/ltxcmds/ltxcmds.sty
Package: ltxcmds 2019/12/15 v1.24 LaTeX kernel commands for general use (HO)
) (/usr/share/texlive/texmf-dist/tex/generic/kvsetkeys/kvsetkeys.sty
Package: kvsetkeys 2019/12/15 v1.18 Key value parser (HO)
)) (/usr/share/texlive/texmf-dist/tex/latex/etoolbox/etoolbox.sty
Package: etoolbox 2019/09/21 v2.5h e-TeX tools for LaTeX (JAW)
\etb@tempcnta=\count189
)) (/usr/share/texlive/texmf-dist/tex/latex/xcolor/xcolor.sty
Package: xcolor 2016/05/11 v2.12 LaTeX color extensions (UK)
(/usr/share/texlive/texmf-dist/tex/latex/graphics-cfg/color.cfg
File: color.cfg 2016/01/02 v1.6 sample color configuration
)
Package xcolor Info: Driver file: pdftex.def on input line 225.
(/usr/share/texlive/texmf-dist/tex/latex/graphics-def/pdftex.def
File: pdftex.def 2018/01/08 v1.0l Graphics/color driver for pdftex
)
Package xcolor Info: Model `cmy' substituted by `cmy0' on input line 1348.
Package xcolor Info: Model `hsb' substituted by `rgb' on input line 1352.
Package xcolor Info: Model `RGB' extended on input line 1364.
Package xcolor Info: Model `HTML' substituted by `rgb' on input line 1366.
Package xcolor Info: Model `Hsb' substituted by `hsb' on input line 1367.
Package xcolor Info: Model `tHsb' substituted by `hsb' on input line 1368.
Package xcolor Info: Model `HSB' substituted by `hsb' on input line 1369.
Package xcolor Info: Model `Gray' substituted by `gray' on input line 1370.
Package xcolor Info: Model `wave' substituted by `hsb' on input line 1371.
(/usr/share/texlive/texmf-dist/tex/latex/graphics/dvipsnam.def
File: dvipsnam.def 2016/06/17 v3.0m Driver-dependent file (DPC,SPQR)
) (/usr/share/texlive/texmf-dist/tex/latex/xcolor/svgnam.def
File: svgnam.def 2016/05/11 v2.12 Predefined colors according to SVG 1.1 (UK)
) (/usr/share/texlive/texmf-dist/tex/latex/xcolor/x11nam.def
File: x11nam.def 2016/05/11 v2.12 Predefined colors according to Unix/X11 (UK)
)) (/usr/share/texlive/texmf-dist/tex/latex/xurl/xurl.sty
Package: xurl 2020/01/24 v 0.09 modify URL breaks
(/usr/share/texlive/texmf-dist/tex/latex/url/url.sty
\Urlmuskip=\muskip17
Package: url 2013/09/16  ver 3.4  Verb mode for urls, etc.
)) (/usr/share/texlive/texmf-dist/tex/latex/bookmark/bookmark.sty
Package: bookmark 2019/12/03 v1.28 PDF bookmarks (HO)
(/usr/share/texlive/texmf-dist/tex/latex/hyperref/hyperref.sty
Package: hyperref 2020/01/14 v7.00d Hypertext links for LaTeX
(/usr/share/texlive/texmf-dist/tex/latex/pdftexcmds/pdftexcmds.sty
Package: pdftexcmds 2019/11/24 v0.31 Utility functions of pdfTeX for LuaTeX (HO
)
(/usr/share/texlive/texmf-dist/tex/generic/infwarerr/infwarerr.sty
Package: infwarerr 2019/12/03 v1.5 Providing info/warning/error messages (HO)
)
Package pdftexcmds Info: \pdf@primitive is available.
Package pdftexcmds Info: \pdf@ifprimitive is available.
Package pdftexcmds Info: \pdfdraftmode found.
) (/usr/share/texlive/texmf-dist/tex/generic/kvdefinekeys/kvdefinekeys.sty
Package: kvdefinekeys 2019-12-19 v1.6 Define keys (HO)
) (/usr/share/texlive/texmf-dist/tex/generic/pdfescape/pdfescape.sty
Package: pdfescape 2019/12/09 v1.15 Implements pdfTeX's escape features (HO)
) (/usr/share/texlive/texmf-dist/tex/latex/hycolor/hycolor.sty
Package: hycolor 2020-01-27 v1.10 Color options for hyperref/bookmark (HO)
) (/usr/share/texlive/texmf-dist/tex/latex/letltxmacro/letltxmacro.sty
Package: letltxmacro 2019/12/03 v1.6 Let assignment for LaTeX macros (HO)
) (/usr/share/texlive/texmf-dist/tex/latex/auxhook/auxhook.sty
Package: auxhook 2019-12-17 v1.6 Hooks for auxiliary files (HO)
)
\@linkdim=\dimen145
\Hy@linkcounter=\count190
\Hy@pagecounter=\count191
(/usr/share/texlive/texmf-dist/tex/latex/hyperref/pd1enc.def
File: pd1enc.def 2020/01/14 v7.00d Hyperref: PDFDocEncoding definition (HO)
Now handling font encoding PD1 ...
... no UTF-8 mapping file for font encoding PD1
) (/usr/share/texlive/texmf-dist/tex/generic/intcalc/intcalc.sty
Package: intcalc 2019/12/15 v1.3 Expandable calculations with integers (HO)
) (/usr/share/texlive/texmf-dist/tex/generic/etexcmds/etexcmds.sty
Package: etexcmds 2019/12/15 v1.7 Avoid name clashes with e-TeX commands (HO)
)
\Hy@SavedSpaceFactor=\count192
\pdfmajorversion=\count193
Package hyperref Info: Option `unicode' set `true' on input line 4421.
(/usr/share/texlive/texmf-dist/tex/latex/hyperref/puenc.def
File: puenc.def 2020/01/14 v7.00d Hyperref: PDF Unicode definition (HO)
Now handling font encoding PU ...
... no UTF-8 mapping file for font encoding PU
)
Package hyperref Info: Hyper figures OFF on input line 4547.
Package hyperref Info: Link nesting OFF on input line 4552.
Package hyperref Info: Hyper index ON on input line 4555.
Package hyperref Info: Plain pages OFF on input line 4562.
Package hyperref Info: Backreferencing OFF on input line 4567.
Package hyperref Info: Implicit mode ON; LaTeX internals redefined.
Package hyperref Info: Bookmarks ON on input line 4800.
\c@Hy@tempcnt=\count194
LaTeX Info: Redefining \url on input line 5159.
\XeTeXLinkMargin=\dimen146
(/usr/share/texlive/texmf-dist/tex/generic/bitset/bitset.sty
Package: bitset 2019/12/09 v1.3 Handle bit-vector datatype (HO)
(/usr/share/texlive/texmf-dist/tex/generic/bigintcalc/bigintcalc.sty
Package: bigintcalc 2019/12/15 v1.5 Expandable calculations on big integers (HO
)
))
\Fld@menulength=\count195
\Field@Width=\dimen147
\Fld@charsize=\dimen148
Package hyperref Info: Hyper figures OFF on input line 6430.
Package hyperref Info: Link nesting OFF on input line 6435.
Package hyperref Info: Hyper index ON on input line 6438.
Package hyperref Info: backreferencing OFF on input line 6445.
Package hyperref Info: Link coloring OFF on input line 6450.
Package hyperref Info: Link coloring with OCG OFF on input line 6455.
Package hyperref Info: PDF/A mode OFF on input line 6460.
LaTeX Info: Redefining \ref on input line 6500.
LaTeX Info: Redefining \pageref on input line 6504.
(/usr/share/texlive/texmf-dist/tex/generic/atbegshi/atbegshi.sty
Package: atbegshi 2019/12/05 v1.19 At begin shipout hook (HO)
)
\Hy@abspage=\count196
\c@Item=\count197
\c@Hfootnote=\count198
)
Package hyperref Info: Driver (autodetected): hpdftex.
(/usr/share/texlive/texmf-dist/tex/latex/hyperref/hpdftex.def
File: hpdftex.def 2020/01/14 v7.00d Hyperref driver for pdfTeX
(/usr/share/texlive/texmf-dist/tex/latex/atveryend/atveryend.sty
Package: atveryend 2019-12-11 v1.11 Hooks at the very end of document (HO)
)
\Fld@listcount=\count199
\c@bookmark@seq@number=\count266
(/usr/share/texlive/texmf-dist/tex/latex/rerunfilecheck/rerunfilecheck.sty
Package: rerunfilecheck 2019/12/05 v1.9 Rerun checks for auxiliary files (HO)
(/usr/share/texlive/texmf-dist/tex/generic/uniquecounter/uniquecounter.sty
Package: uniquecounter 2019/12/15 v1.4 Provide unlimited unique counter (HO)
)
Package uniquecounter Info: New unique counter `rerunfilecheck' on input line 2
86.
)
\Hy@SectionHShift=\skip53
) (/usr/share/texlive/texmf-dist/tex/latex/bookmark/bkm-pdftex.def
File: bkm-pdftex.def 2019/12/03 v1.28 bookmark driver for pdfTeX (HO)
\BKM@id=\count267
))
Package hyperref Info: Option `colorlinks' set `true' on input line 49.
(/usr/share/texlive/texmf-dist/tex/latex/geometry/geometry.sty
Package: geometry 2020/01/02 v5.9 Page Geometry
(/usr/share/texlive/texmf-dist/tex/generic/iftex/ifvtex.sty
Package: ifvtex 2019/10/25 v1.7 ifvtex legacy package. Use iftex instead.
)
\Gm@cnth=\count268
\Gm@cntv=\count269
\c@Gm@tempcnt=\count270
\Gm@bindingoffset=\dimen149
\Gm@wd@mp=\dimen150
\Gm@odd@mp=\dimen151
\Gm@even@mp=\dimen152
\Gm@layoutwidth=\dimen153
\Gm@layoutheight=\dimen154
\Gm@layouthoffset=\dimen155
\Gm@layoutvoffset=\dimen156
\Gm@dimlist=\toks23
) (/usr/share/texlive/texmf-dist/tex/latex/fancyvrb/fancyvrb.sty
Package: fancyvrb 2020/01/13 v3.5 verbatim text (tvz,hv)
\FV@CodeLineNo=\count271
\FV@InFile=\read2
\FV@TabBox=\box47
\c@FancyVerbLine=\count272
\FV@StepNumber=\count273
\FV@OutFile=\write3
) (/usr/share/texlive/texmf-dist/tex/latex/framed/framed.sty
Package: framed 2011/10/22 v 0.96: framed or shaded text with page breaks
\OuterFrameSep=\skip54
\fb@frw=\dimen157
\fb@frh=\dimen158
\FrameRule=\dimen159
\FrameSep=\dimen160
) (/usr/share/texlive/texmf-dist/tex/latex/graphics/graphicx.sty
Package: graphicx 2019/11/30 v1.2a Enhanced LaTeX Graphics (DPC,SPQR)
(/usr/share/texlive/texmf-dist/tex/latex/graphics/graphics.sty
Package: graphics 2019/11/30 v1.4a Standard LaTeX Graphics (DPC,SPQR)
(/usr/share/texlive/texmf-dist/tex/latex/graphics/trig.sty
Package: trig 2016/01/03 v1.10 sin cos tan (DPC)
) (/usr/share/texlive/texmf-dist/tex/latex/graphics-cfg/graphics.cfg
File: graphics.cfg 2016/06/04 v1.11 sample graphics configuration
)
Package graphics Info: Driver file: pdftex.def on input line 105.
)
\Gin@req@height=\dimen161
\Gin@req@width=\dimen162
) (/usr/share/texlive/texmf-dist/tex/latex/tools/dcolumn.sty
Package: dcolumn 2014/10/28 v1.06 decimal alignment package (DPC)
(/usr/share/texlive/texmf-dist/tex/latex/tools/array.sty
Package: array 2019/08/31 v2.4l Tabular extension package (FMi)
\col@sep=\dimen163
\ar@mcellbox=\box48
\extrarowheight=\dimen164
\NC@list=\toks24
\extratabsurround=\skip55
\backup@length=\skip56
\ar@cellbox=\box49
)) (/usr/share/texlive/texmf-dist/tex/latex/pdfpages/pdfpages.sty
Package: pdfpages 2020/01/28 v0.5q Insert pages of external PDF documents (AM)
(/usr/share/texlive/texmf-dist/tex/latex/base/ifthen.sty
Package: ifthen 2014/09/29 v1.1c Standard LaTeX ifthen package (DPC)
) (/usr/share/texlive/texmf-dist/tex/latex/tools/calc.sty
Package: calc 2017/05/25 v4.3 Infix arithmetic (KKT,FJ)
\calc@Acount=\count274
\calc@Bcount=\count275
\calc@Adimen=\dimen165
\calc@Bdimen=\dimen166
\calc@Askip=\skip57
\calc@Bskip=\skip58
LaTeX Info: Redefining \setlength on input line 80.
LaTeX Info: Redefining \addtolength on input line 81.
\calc@Ccount=\count276
\calc@Cskip=\skip59
) (/usr/share/texlive/texmf-dist/tex/latex/eso-pic/eso-pic.sty
Package: eso-pic 2018/04/12 v2.0h eso-pic (RN)
)
\AM@pagewidth=\dimen167
\AM@pageheight=\dimen168
(/usr/share/texlive/texmf-dist/tex/latex/pdfpages/pppdftex.def
File: pppdftex.def 2020/01/28 v0.5q Pdfpages driver for pdfTeX (AM)
)
\AM@pagebox=\box50
\AM@global@opts=\toks25
\AM@pagecnt=\count277
\AM@toc@title=\toks26
\c@AM@survey=\count278
\AM@templatesizebox=\box51
) (/usr/share/texlive/texmf-dist/tex/latex/booktabs/booktabs.sty
Package: booktabs 2020/01/12 v1.61803398 Publication quality tables
\heavyrulewidth=\dimen169
\lightrulewidth=\dimen170
\cmidrulewidth=\dimen171
\belowrulesep=\dimen172
\belowbottomsep=\dimen173
\aboverulesep=\dimen174
\abovetopsep=\dimen175
\cmidrulesep=\dimen176
\cmidrulekern=\dimen177
\defaultaddspace=\dimen178
\@cmidla=\count279
\@cmidlb=\count280
\@aboverulesep=\dimen179
\@belowrulesep=\dimen180
\@thisruleclass=\count281
\@lastruleclass=\count282
\@thisrulewidth=\dimen181
) (/usr/share/texlive/texmf-dist/tex/latex/makecell/makecell.sty
Package: makecell 2009/08/03 V0.1e Managing of Tab Column Heads and Cells
\rotheadsize=\dimen182
\c@nlinenum=\count283
\TeXr@lab=\toks27
) (/usr/share/texlive/texmf-dist/tex/latex/tools/longtable.sty
Package: longtable 2020/01/07 v4.13 Multi-page Table package (DPC)
\LTleft=\skip60
\LTright=\skip61
\LTpre=\skip62
\LTpost=\skip63
\LTchunksize=\count284
\LTcapwidth=\dimen183
\LT@head=\box52
\LT@firsthead=\box53
\LT@foot=\box54
\LT@lastfoot=\box55
\LT@cols=\count285
\LT@rows=\count286
\c@LT@tables=\count287
\c@LT@chunks=\count288
\LT@p@ftn=\toks28
) (/usr/share/texlive/texmf-dist/tex/latex/multirow/multirow.sty
Package: multirow 2019/05/31 v2.5 Span multiple rows of a table
\multirow@colwidth=\skip64
\multirow@cntb=\count289
\multirow@dima=\skip65
\bigstrutjot=\dimen184
) (/usr/share/texlive/texmf-dist/tex/latex/wrapfig/wrapfig.sty
\wrapoverhang=\dimen185
\WF@size=\dimen186
\c@WF@wrappedlines=\count290
\WF@box=\box56
\WF@everypar=\toks29
Package: wrapfig 2003/01/31  v 3.6
) (/usr/share/texlive/texmf-dist/tex/latex/float/float.sty
Package: float 2001/11/08 v1.3d Float enhancements (AL)
\c@float@type=\count291
\float@exts=\toks30
\float@box=\box57
\@float@everytoks=\toks31
\@floatcapt=\box58
) (/usr/share/texlive/texmf-dist/tex/latex/colortbl/colortbl.sty
Package: colortbl 2020/01/04 v1.0e Color table columns (DPC)
\everycr=\toks32
\minrowclearance=\skip66
) (/usr/share/texlive/texmf-dist/tex/latex/pdflscape/pdflscape.sty
Package: pdflscape 2019/12/05 v0.12 Display of landscape pages in PDF (HO)
(/usr/share/texlive/texmf-dist/tex/latex/graphics/lscape.sty
Package: lscape 2000/10/22 v3.01 Landscape Pages (DPC)
)
Package pdflscape Info: Auto-detected driver: pdftex on input line 81.
) (/usr/share/texlive/texmf-dist/tex/latex/tabu/tabu.sty
Package: tabu 2019/01/11 v2.9 - flexible LaTeX tabulars (FC+tabu-fixed) + inter
mediate FMi
(/usr/share/texlive/texmf-dist/tex/latex/varwidth/varwidth.sty
Package: varwidth 2009/03/30 ver 0.92;  Variable-width minipages
\@vwid@box=\box59
\sift@deathcycles=\count292
\@vwid@loff=\dimen187
\@vwid@roff=\dimen188
)
\c@taburow=\count293
\tabu@nbcols=\count294
\tabu@cnt=\count295
\tabu@Xcol=\count296
\tabu@alloc=\count297
\tabu@nested=\count298
\tabu@target=\dimen189
\tabu@spreadtarget=\dimen190
\tabu@naturalX=\dimen191
\tabucolX=\dimen192
\tabu@Xsum=\dimen193
\extrarowdepth=\dimen194
\abovetabulinesep=\dimen195
\belowtabulinesep=\dimen196
\tabustrutrule=\dimen197
\tabu@thebody=\toks33
\tabu@footnotes=\toks34
\tabu@box=\box60
\tabu@arstrutbox=\box61
\tabu@hleads=\box62
\tabu@vleads=\box63
\tabu@cellskip=\skip67
) (/usr/share/texlive/texmf-dist/tex/latex/threeparttable/threeparttable.sty
Package: threeparttable 2003/06/13  v 3.0
\@tempboxb=\box64
) (/usr/share/texlive/texmf-dist/tex/latex/threeparttablex/threeparttablex.sty
Package: threeparttablex 2013/07/23 v0.3 by daleif
(/usr/share/texlive/texmf-dist/tex/latex/environ/environ.sty
Package: environ 2014/05/04 v0.3 A new way to define environments
(/usr/share/texlive/texmf-dist/tex/latex/trimspaces/trimspaces.sty
Package: trimspaces 2009/09/17 v1.1 Trim spaces around a token list
))
\TPTL@width=\skip68
) (/usr/share/texlive/texmf-dist/tex/generic/ulem/ulem.sty
\UL@box=\box65
\UL@hyphenbox=\box66
\UL@skip=\skip69
\UL@hook=\toks35
\UL@height=\dimen198
\UL@pe=\count299
\UL@pixel=\dimen199
\ULC@box=\box67
Package: ulem 2019/11/18
\ULdepth=\dimen256
)
\cslhangindent=\skip70
\csllabelwidth=\skip71
(/usr/share/texlive/texmf-dist/tex/latex/l3backend/l3backend-pdfmode.def
File: l3backend-pdfmode.def 2020-02-03 L3 backend support: PDF mode
\l__kernel_color_stack_int=\count300
\l__pdf_internal_box=\box68
) (./articleCustomerDropoutMembership.aux

LaTeX Warning: Label `hyperparametersbestvalues' multiply defined.

)
\openout1 = `articleCustomerDropoutMembership.aux'.

LaTeX Font Info:    Checking defaults for OML/cmm/m/it on input line 170.
LaTeX Font Info:    ... okay on input line 170.
LaTeX Font Info:    Checking defaults for OMS/cmsy/m/n on input line 170.
LaTeX Font Info:    ... okay on input line 170.
LaTeX Font Info:    Checking defaults for OT1/cmr/m/n on input line 170.
LaTeX Font Info:    ... okay on input line 170.
LaTeX Font Info:    Checking defaults for T1/cmr/m/n on input line 170.
LaTeX Font Info:    ... okay on input line 170.
LaTeX Font Info:    Checking defaults for TS1/cmr/m/n on input line 170.
LaTeX Font Info:    ... okay on input line 170.
LaTeX Font Info:    Checking defaults for OMX/cmex/m/n on input line 170.
LaTeX Font Info:    ... okay on input line 170.
LaTeX Font Info:    Checking defaults for U/cmr/m/n on input line 170.
LaTeX Font Info:    ... okay on input line 170.
LaTeX Font Info:    Checking defaults for PD1/pdf/m/n on input line 170.
LaTeX Font Info:    ... okay on input line 170.
LaTeX Font Info:    Checking defaults for PU/pdf/m/n on input line 170.
LaTeX Font Info:    ... okay on input line 170.
LaTeX Info: Redefining \microtypecontext on input line 170.
Package microtype Info: Generating PDF output.
Package microtype Info: Character protrusion enabled (level 2).
Package microtype Info: Using protrusion set `basicmath'.
Package microtype Info: Automatic font expansion enabled (level 2),
(microtype)             stretch: 20, shrink: 20, step: 1, non-selected.
Package microtype Info: Using default expansion set `basictext'.
LaTeX Info: Redefining \showhyphens on input line 170.
Package microtype Info: No adjustment of tracking.
Package microtype Info: No adjustment of interword spacing.
Package microtype Info: No adjustment of character kerning.
(/usr/share/texlive/texmf-dist/tex/latex/microtype/mt-cmr.cfg
File: mt-cmr.cfg 2013/05/19 v2.2 microtype config. file: Computer Modern Roman 
(RS)
) (/usr/share/texlive/texmf-dist/tex/context/base/mkii/supp-pdf.mkii
[Loading MPS to PDF converter (version 2006.09.02).]
\scratchcounter=\count301
\scratchdimen=\dimen257
\scratchbox=\box69
\nofMPsegments=\count302
\nofMParguments=\count303
\everyMPshowfont=\toks36
\MPscratchCnt=\count304
\MPscratchDim=\dimen258
\MPnumerator=\count305
\makeMPintoPDFobject=\count306
\everyMPtoPDFconversion=\toks37
) (/usr/share/texlive/texmf-dist/tex/latex/epstopdf-pkg/epstopdf-base.sty
Package: epstopdf-base 2020-01-24 v2.11 Base part for package epstopdf
(/usr/share/texlive/texmf-dist/tex/latex/grfext/grfext.sty
Package: grfext 2019/12/03 v1.3 Manage graphics extensions (HO)
)
Package epstopdf-base Info: Redefining graphics rule for `.eps' on input line 4
85.
Package grfext Info: Graphics extension search list:
(grfext)             [.pdf,.png,.jpg,.mps,.jpeg,.jbig2,.jb2,.PDF,.PNG,.JPG,.JPE
G,.JBIG2,.JB2,.eps]
(grfext)             \AppendGraphicsExtensions on input line 504.
(/usr/share/texlive/texmf-dist/tex/latex/latexconfig/epstopdf-sys.cfg
File: epstopdf-sys.cfg 2010/07/13 v1.3 Configuration of (r)epstopdf for TeX Liv
e
))
\AtBeginShipoutBox=\box70
Package hyperref Info: Link coloring ON on input line 170.
(/usr/share/texlive/texmf-dist/tex/latex/hyperref/nameref.sty
Package: nameref 2019/09/16 v2.46 Cross-referencing by name of section
(/usr/share/texlive/texmf-dist/tex/latex/refcount/refcount.sty
Package: refcount 2019/12/15 v3.6 Data extraction from label references (HO)
) (/usr/share/texlive/texmf-dist/tex/generic/gettitlestring/gettitlestring.sty
Package: gettitlestring 2019/12/15 v1.6 Cleanup title references (HO)
)
\c@section@level=\count307
)
LaTeX Info: Redefining \ref on input line 170.
LaTeX Info: Redefining \pageref on input line 170.
LaTeX Info: Redefining \nameref on input line 170.
*geometry* driver: auto-detecting
*geometry* detected driver: pdftex
*geometry* verbose mode - [ preamble ] result:
* driver: pdftex
* paper: <default>
* layout: <same size as paper>
* layoutoffset:(h,v)=(0.0pt,0.0pt)
* modes: 
* h-part:(L,W,R)=(72.26999pt, 469.75502pt, 72.26999pt)
* v-part:(T,H,B)=(72.26999pt, 650.43001pt, 72.26999pt)
* \paperwidth=614.295pt
* \paperheight=794.96999pt
* \textwidth=469.75502pt
* \textheight=650.43001pt
* \oddsidemargin=0.0pt
* \evensidemargin=0.0pt
* \topmargin=-37.0pt
* \headheight=12.0pt
* \headsep=25.0pt
* \topskip=12.0pt
* \footskip=30.0pt
* \marginparwidth=44.0pt
* \marginparsep=10.0pt
* \columnsep=10.0pt
* \skip\footins=10.8pt plus 4.0pt minus 2.0pt
* \hoffset=0.0pt
* \voffset=0.0pt
* \mag=1000
* \@twocolumnfalse
* \@twosidefalse
* \@mparswitchfalse
* \@reversemarginfalse
* (1in=72.27pt=25.4mm, 1cm=28.453pt)

LaTeX Font Info:    Trying to load font information for OT1+lmr on input line 1
72.
(/usr/share/texmf/tex/latex/lm/ot1lmr.fd
File: ot1lmr.fd 2009/10/30 v1.6 Font defs for Latin Modern
)
LaTeX Font Info:    Trying to load font information for OML+lmm on input line 1
72.
(/usr/share/texmf/tex/latex/lm/omllmm.fd
File: omllmm.fd 2009/10/30 v1.6 Font defs for Latin Modern
)
LaTeX Font Info:    Trying to load font information for OMS+lmsy on input line 
172.
(/usr/share/texmf/tex/latex/lm/omslmsy.fd
File: omslmsy.fd 2009/10/30 v1.6 Font defs for Latin Modern
)
LaTeX Font Info:    Trying to load font information for OMX+lmex on input line 
172.
(/usr/share/texmf/tex/latex/lm/omxlmex.fd
File: omxlmex.fd 2009/10/30 v1.6 Font defs for Latin Modern
)
LaTeX Font Info:    External font `lmex10' loaded for size
(Font)              <20.74> on input line 172.
LaTeX Font Info:    External font `lmex10' loaded for size
(Font)              <14.4> on input line 172.
LaTeX Font Info:    External font `lmex10' loaded for size
(Font)              <12> on input line 172.
LaTeX Font Info:    Trying to load font information for U+msa on input line 172
.
(/usr/share/texlive/texmf-dist/tex/latex/amsfonts/umsa.fd
File: umsa.fd 2013/01/14 v3.01 AMS symbols A
) (/usr/share/texlive/texmf-dist/tex/latex/microtype/mt-msa.cfg
File: mt-msa.cfg 2006/02/04 v1.1 microtype config. file: AMS symbols (a) (RS)
)
LaTeX Font Info:    Trying to load font information for U+msb on input line 172
.
(/usr/share/texlive/texmf-dist/tex/latex/amsfonts/umsb.fd
File: umsb.fd 2013/01/14 v3.01 AMS symbols B
) (/usr/share/texlive/texmf-dist/tex/latex/microtype/mt-msb.cfg
File: mt-msb.cfg 2005/06/01 v1.0 microtype config. file: AMS symbols (b) (RS)
)
LaTeX Font Info:    Trying to load font information for TS1+lmr on input line 1
72.
(/usr/share/texmf/tex/latex/lm/ts1lmr.fd
File: ts1lmr.fd 2009/10/30 v1.6 Font defs for Latin Modern
)
LaTeX Font Info:    External font `lmex10' loaded for size
(Font)              <10> on input line 172.
LaTeX Font Info:    External font `lmex10' loaded for size
(Font)              <7> on input line 172.
LaTeX Font Info:    External font `lmex10' loaded for size
(Font)              <5> on input line 172.
[1

{/var/lib/texmf/fonts/map/pdftex/updmap/pdftex.map}]
LaTeX Font Info:    Trying to load font information for T1+lmtt on input line 2
31.
(/usr/share/texmf/tex/latex/lm/t1lmtt.fd
File: t1lmtt.fd 2009/10/30 v1.6 Font defs for Latin Modern
) [2] [3]
LaTeX Font Info:    External font `lmex10' loaded for size
(Font)              <8> on input line 351.
LaTeX Font Info:    External font `lmex10' loaded for size
(Font)              <6> on input line 351.
<articleCustomerDropoutMembership_files/figure-latex/membershipyear-1.pdf, id=8
1, 469.755pt x 325.215pt>
File: articleCustomerDropoutMembership_files/figure-latex/membershipyear-1.pdf 
Graphic file (type pdf)
<use articleCustomerDropoutMembership_files/figure-latex/membershipyear-1.pdf>
Package pdftex.def Info: articleCustomerDropoutMembership_files/figure-latex/me
mbershipyear-1.pdf  used on input line 399.
(pdftex.def)             Requested size: 469.75386pt x 325.2142pt.
[4pdfTeX warning (ext4): destination with the same identifier (name{figure.1}) 
has been already used, duplicate ignored

\AtBegShi@Output ...ipout \box \AtBeginShipoutBox 
                                                  \fi \fi 
l.410 T
       he random survival forest was developed using the package PySurvival <./
articleCustomerDropoutMembership_files/figure-latex/membershipyear-1.pdf>] [5pd
fTeX warning (ext4): destination with the same identifier (name{table.1}) has b
een already used, duplicate ignored

\AtBegShi@Output ...ipout \box \AtBeginShipoutBox 
                                                  \fi \fi 
l.410 T
       he random survival forest was developed using the package PySurvival]
<articleCustomerDropoutMembership_files/figure-latex/removeVar-1.pdf, id=104, 8
67.24pt x 433.62pt>
File: articleCustomerDropoutMembership_files/figure-latex/removeVar-1.pdf Graph
ic file (type pdf)
<use articleCustomerDropoutMembership_files/figure-latex/removeVar-1.pdf>
Package pdftex.def Info: articleCustomerDropoutMembership_files/figure-latex/re
moveVar-1.pdf  used on input line 434.
(pdftex.def)             Requested size: 469.75827pt x 234.87912pt.
[6 <./articleCustomerDropoutMembership_files/figure-latex/removeVar-1.pdf>]
<articleCustomerDropoutMembership_files/figure-latex/removeVar-3.pdf, id=145, 8
67.24pt x 361.35pt>
File: articleCustomerDropoutMembership_files/figure-latex/removeVar-3.pdf Graph
ic file (type pdf)
<use articleCustomerDropoutMembership_files/figure-latex/removeVar-3.pdf>
Package pdftex.def Info: articleCustomerDropoutMembership_files/figure-latex/re
moveVar-3.pdf  used on input line 457.
(pdftex.def)             Requested size: 469.75827pt x 195.7326pt.
<articleCustomerDropoutMembership_files/figure-latex/removeVar-4.pdf, id=146, 8
67.24pt x 433.62pt>
File: articleCustomerDropoutMembership_files/figure-latex/removeVar-4.pdf Graph
ic file (type pdf)
<use articleCustomerDropoutMembership_files/figure-latex/removeVar-4.pdf>
Package pdftex.def Info: articleCustomerDropoutMembership_files/figure-latex/re
moveVar-4.pdf  used on input line 458.
(pdftex.def)             Requested size: 469.75827pt x 234.87912pt.
LaTeX Font Info:    Trying to load font information for TS1+lmtt on input line 
462.
(/usr/share/texmf/tex/latex/lm/ts1lmtt.fd
File: ts1lmtt.fd 2009/10/30 v1.6 Font defs for Latin Modern
)
Overfull \hbox (369.97536pt too wide) in paragraph at lines 462--462
[]\T1/lmtt/m/n/12 ## {\TS1/lmtt/m/n/12 '\T1/lmtt/m/n/12 root_mean_squared_error
\TS1/lmtt/m/n/12 '\T1/lmtt/m/n/12 : 57.81111830931528, \TS1/lmtt/m/n/12 '\T1/lm
tt/m/n/12 median_absolute_error\TS1/lmtt/m/n/12 '\T1/lmtt/m/n/12 : 15.680606338
256293, \TS1/lmtt/m/n/12 '\T1/lmtt/m/n/12 mean_absolute_error\TS1/lmtt/m/n/12 '
\T1/lmtt/m/n/12 : 38.29393516854595}[] 
 []

[7 <./articleCustomerDropoutMembership_files/figure-latex/removeVar-3.pdf> <./a
rticleCustomerDropoutMembership_files/figure-latex/removeVar-4.pdf

pdfTeX warning: pdflatex (file ./articleCustomerDropoutMembership_files/figure-
latex/removeVar-4.pdf): PDF inclusion: multiple pdfs with page group included i
n a single page
>] [8pdfTeX warning (ext4): destination with the same identifier (name{table.2}
) has been already used, duplicate ignored

\AtBegShi@Output ...ipout \box \AtBeginShipoutBox 
                                                  \fi \fi 
l.531   `
         `EEE''ellipsoidal, equal volume, shape, and orientation] [9]
File: articleCustomerDropoutMembership_files/figure-latex/removeVar-1.pdf Graph
ic file (type pdf)
<use articleCustomerDropoutMembership_files/figure-latex/removeVar-1.pdf>
Package pdftex.def Info: articleCustomerDropoutMembership_files/figure-latex/re
moveVar-1.pdf  used on input line 590.
(pdftex.def)             Requested size: 469.75827pt x 234.87912pt.

Overfull \hbox (5.72021pt too wide) in paragraph at lines 705--705
[]\T1/lmtt/m/n/12 ##        age  monthly_fee  total_amount  ...  cluster       
 X_pca     Y_pca[] 
 []


Overfull \hbox (5.6852pt too wide) in paragraph at lines 705--705
[]\T1/lmtt/m/n/12 ## 0     83.0         10.0        1906.0  ...        1  1591.
733970  8.138360[] 
 []


Overfull \hbox (5.6922pt too wide) in paragraph at lines 705--705
[]\T1/lmtt/m/n/12 ## 1     88.0         10.0        1906.0  ...        1  1591.
880504  8.065572[] 
 []


Overfull \hbox (5.66418pt too wide) in paragraph at lines 705--705
[]\T1/lmtt/m/n/12 ## 9     78.0         10.0        1901.0  ...        1  1586.
569897  7.063779[] 
 []


Overfull \hbox (5.7062pt too wide) in paragraph at lines 705--705
[]\T1/lmtt/m/n/12 ## 11    71.0         10.0        1841.0  ...        1  1526.
408522  7.139240[] 
 []


Overfull \hbox (5.6852pt too wide) in paragraph at lines 705--705
[]\T1/lmtt/m/n/12 ## 16    85.0         10.0        1846.0  ...        1  1531.
809579  5.878194[] 
 []


Overfull \hbox (5.72021pt too wide) in paragraph at lines 705--705
[]\T1/lmtt/m/n/12 ## ...    ...          ...           ...  ...      ...       
   ...       ...[] 
 []


Overfull \hbox (5.6852pt too wide) in paragraph at lines 705--705
[]\T1/lmtt/m/n/12 ## 8395  38.0         10.0        1566.0  ...        1  1249.
712420  0.673437[] 
 []


Overfull \hbox (5.65018pt too wide) in paragraph at lines 705--705
[]\T1/lmtt/m/n/12 ## 8448  76.0         10.0        1618.0  ...        1  1302.
666386  9.866651[] 
 []

[10]
Overfull \hbox (5.6992pt too wide) in paragraph at lines 705--705
[]\T1/lmtt/m/n/12 ## 8527  46.0         10.0        1594.0  ...        1  1277.
942284  1.815455[] 
 []


Overfull \hbox (5.6852pt too wide) in paragraph at lines 705--705
[]\T1/lmtt/m/n/12 ## 8820  35.0         10.0        1569.0  ...        1  1252.
586980  1.829204[] 
 []


Overfull \hbox (5.6992pt too wide) in paragraph at lines 705--705
[]\T1/lmtt/m/n/12 ## 9618  50.0         10.0        1743.0  ...        1  1426.
870047  8.848373[] 
 []


Overfull \hbox (289.72833pt too wide) in paragraph at lines 705--705
[]\T1/lmtt/m/n/12 ## {\TS1/lmtt/m/n/12 '\T1/lmtt/m/n/12 root_mean_squared_error
\TS1/lmtt/m/n/12 '\T1/lmtt/m/n/12 : 2.7746505265479673, \TS1/lmtt/m/n/12 '\T1/l
mtt/m/n/12 median_absolute_error\TS1/lmtt/m/n/12 '\T1/lmtt/m/n/12 : 0.0, \TS1/l
mtt/m/n/12 '\T1/lmtt/m/n/12 mean_absolute_error\TS1/lmtt/m/n/12 '\T1/lmtt/m/n/1
2 : 0.8884572044141069}[] 
 []


Overfull \hbox (18.07022pt too wide) in paragraph at lines 705--705
[]\T1/lmtt/m/n/12 ##         age  monthly_fee  total_amount  ...  cluster      
  X_pca      Y_pca[] 
 []


Overfull \hbox (18.04921pt too wide) in paragraph at lines 705--705
[]\T1/lmtt/m/n/12 ## 2      73.0         10.0        1553.0  ...        3  1238
.195573  36.217951[] 
 []


Overfull \hbox (18.0352pt too wide) in paragraph at lines 705--705
[]\T1/lmtt/m/n/12 ## 4      97.0         10.0        1466.0  ...        3  1151
.973882  33.648187[] 
 []


Overfull \hbox (18.05621pt too wide) in paragraph at lines 705--705
[]\T1/lmtt/m/n/12 ## 8      88.0         10.0        1357.5  ...        3  1043
.740697   1.127781[] 
 []


Overfull \hbox (18.05621pt too wide) in paragraph at lines 705--705
[]\T1/lmtt/m/n/12 ## 19     75.0         10.0        1330.0  ...        3  1015
.805442  -0.157970[] 
 []


Overfull \hbox (18.05621pt too wide) in paragraph at lines 705--705
[]\T1/lmtt/m/n/12 ## 20     71.0         10.0        1202.0  ...        3   887
.123121  43.079761[] 
 []


Overfull \hbox (18.07022pt too wide) in paragraph at lines 705--705
[]\T1/lmtt/m/n/12 ## ...     ...          ...           ...  ...      ...      
    ...        ...[] 
 []


Overfull \hbox (18.00719pt too wide) in paragraph at lines 705--705
[]\T1/lmtt/m/n/12 ## 13979  41.0         10.0        1055.0  ...        3   739
.067126  -5.629196[] 
 []


Overfull \hbox (18.0422pt too wide) in paragraph at lines 705--705
[]\T1/lmtt/m/n/12 ## 14539  52.0         10.0        1160.0  ...        3   844
.316487  -3.457935[] 
 []


Overfull \hbox (18.0422pt too wide) in paragraph at lines 705--705
[]\T1/lmtt/m/n/12 ## 14561  63.0         10.0        1054.0  ...        3   738
.751584  -6.256420[] 
 []


Overfull \hbox (18.0282pt too wide) in paragraph at lines 705--705
[]\T1/lmtt/m/n/12 ## 14590  72.0         10.0        1054.0  ...        3   739
.012195  -6.362603[] 
 []


Overfull \hbox (18.0212pt too wide) in paragraph at lines 705--705
[]\T1/lmtt/m/n/12 ## 14749  74.0         10.0        1176.0  ...        3   860
.951368  -4.456209[] 
 []


Overfull \hbox (376.15036pt too wide) in paragraph at lines 705--705
[]\T1/lmtt/m/n/12 ## {\TS1/lmtt/m/n/12 '\T1/lmtt/m/n/12 root_mean_squared_error
\TS1/lmtt/m/n/12 '\T1/lmtt/m/n/12 : 8.768803419244877, \TS1/lmtt/m/n/12 '\T1/lm
tt/m/n/12 median_absolute_error\TS1/lmtt/m/n/12 '\T1/lmtt/m/n/12 : 1.2763097173
466014, \TS1/lmtt/m/n/12 '\T1/lmtt/m/n/12 mean_absolute_error\TS1/lmtt/m/n/12 '
\T1/lmtt/m/n/12 : 3.6210163594583595}[] 
 []


Overfull \hbox (11.89522pt too wide) in paragraph at lines 705--705
[]\T1/lmtt/m/n/12 ##         age  monthly_fee  total_amount  ...  cluster      
 X_pca      Y_pca[] 
 []


Overfull \hbox (11.8532pt too wide) in paragraph at lines 705--705
[]\T1/lmtt/m/n/12 ## 3      97.0          5.0         790.0  ...        2  476.
782096  -2.879081[] 
 []


Overfull \hbox (11.8602pt too wide) in paragraph at lines 705--705
[]\T1/lmtt/m/n/12 ## 5      91.0          5.0         805.0  ...        2  491.
655122  -6.575079[] 
 []


Overfull \hbox (11.8602pt too wide) in paragraph at lines 705--705
[]\T1/lmtt/m/n/12 ## 6      88.0          5.0         615.0  ...        2  301.
162349  27.732267[] 
 []


Overfull \hbox (11.8742pt too wide) in paragraph at lines 705--705
[]\T1/lmtt/m/n/12 ## 12     89.0          5.0         725.0  ...        2  411.
434822   5.237956[] 
 []


Overfull \hbox (11.88121pt too wide) in paragraph at lines 705--705
[]\T1/lmtt/m/n/12 ## 13     92.0          5.0         825.0  ...        2  511.
635488  -7.412585[] 
 []


Overfull \hbox (11.89522pt too wide) in paragraph at lines 705--705
[]\T1/lmtt/m/n/12 ## ...     ...          ...           ...  ...      ...      
   ...        ...[] 
 []


Overfull \hbox (11.83919pt too wide) in paragraph at lines 705--705
[]\T1/lmtt/m/n/12 ## 18969  36.0         10.0         592.5  ...        2  276.
711854 -13.296301[] 
 []


Overfull \hbox (11.84619pt too wide) in paragraph at lines 705--705
[]\T1/lmtt/m/n/12 ## 18995  29.0         10.0         605.0  ...        2  288.
883185  -5.940396[] 
 []


Overfull \hbox (11.8532pt too wide) in paragraph at lines 705--705
[]\T1/lmtt/m/n/12 ## 19065  65.0         10.0         618.0  ...        2  303.
059493 -13.403170[] 
 []


Overfull \hbox (11.8742pt too wide) in paragraph at lines 705--705
[]\T1/lmtt/m/n/12 ## 19138  52.0         10.0         594.0  ...        2  278.
672170 -13.550471[] 
 []


Overfull \hbox (11.8532pt too wide) in paragraph at lines 705--705
[]\T1/lmtt/m/n/12 ## 19416  34.0         10.0         646.0  ...        2  330.
085532 -11.497362[] 
 []

[11]
Overfull \hbox (369.98936pt too wide) in paragraph at lines 705--705
[]\T1/lmtt/m/n/12 ## {\TS1/lmtt/m/n/12 '\T1/lmtt/m/n/12 root_mean_squared_error
\TS1/lmtt/m/n/12 '\T1/lmtt/m/n/12 : 14.883351376844885, \TS1/lmtt/m/n/12 '\T1/l
mtt/m/n/12 median_absolute_error\TS1/lmtt/m/n/12 '\T1/lmtt/m/n/12 : 2.030790547
261812, \TS1/lmtt/m/n/12 '\T1/lmtt/m/n/12 mean_absolute_error\TS1/lmtt/m/n/12 '
\T1/lmtt/m/n/12 : 6.565058829086579}[] 
 []


Overfull \hbox (11.89522pt too wide) in paragraph at lines 705--705
[]\T1/lmtt/m/n/12 ##         age  monthly_fee  total_amount  ...  cluster      
 X_pca      Y_pca[] 
 []


Overfull \hbox (11.83919pt too wide) in paragraph at lines 705--705
[]\T1/lmtt/m/n/12 ## 7      95.0          5.0         340.0  ...        4   26.
569116  22.739997[] 
 []


Overfull \hbox (11.8672pt too wide) in paragraph at lines 705--705
[]\T1/lmtt/m/n/12 ## 10     95.0          5.0         560.0  ...        4  246.
438502  22.794404[] 
 []


Overfull \hbox (11.84619pt too wide) in paragraph at lines 705--705
[]\T1/lmtt/m/n/12 ## 18     86.0          5.0         580.0  ...        4  266.
598094 -10.869754[] 
 []


Overfull \hbox (11.8532pt too wide) in paragraph at lines 705--705
[]\T1/lmtt/m/n/12 ## 31     89.0          5.0         580.0  ...        4  266.
625746 -10.019124[] 
 []


Overfull \hbox (11.88121pt too wide) in paragraph at lines 705--705
[]\T1/lmtt/m/n/12 ## 43     83.0          5.0         530.0  ...        4  216.
553031 -11.928857[] 
 []


Overfull \hbox (11.89522pt too wide) in paragraph at lines 705--705
[]\T1/lmtt/m/n/12 ## ...     ...          ...           ...  ...      ...      
   ...        ...[] 
 []


Overfull \hbox (11.88821pt too wide) in paragraph at lines 705--705
[]\T1/lmtt/m/n/12 ## 22880  55.0         10.0         215.0  ...        4 -100.
023128 -17.224776[] 
 []


Overfull \hbox (11.88821pt too wide) in paragraph at lines 705--705
[]\T1/lmtt/m/n/12 ## 22889  23.0         10.0         215.0  ...        4 -101.
017054 -13.720738[] 
 []


Overfull \hbox (11.8532pt too wide) in paragraph at lines 705--705
[]\T1/lmtt/m/n/12 ## 22979  39.0         10.0         215.0  ...        4 -100.
527335 -16.816568[] 
 []


Overfull \hbox (11.8672pt too wide) in paragraph at lines 705--705
[]\T1/lmtt/m/n/12 ## 23367  31.0         10.0         210.0  ...        4 -105.
728025 -17.909395[] 
 []


Overfull \hbox (11.8532pt too wide) in paragraph at lines 705--705
[]\T1/lmtt/m/n/12 ## 23594  60.0         10.0         225.0  ...        4  -89.
923768 -17.895527[] 
 []


Overfull \hbox (363.80736pt too wide) in paragraph at lines 705--705
[]\T1/lmtt/m/n/12 ## {\TS1/lmtt/m/n/12 '\T1/lmtt/m/n/12 root_mean_squared_error
\TS1/lmtt/m/n/12 '\T1/lmtt/m/n/12 : 9.624142858789721, \TS1/lmtt/m/n/12 '\T1/lm
tt/m/n/12 median_absolute_error\TS1/lmtt/m/n/12 '\T1/lmtt/m/n/12 : 4.7479471817
16046, \TS1/lmtt/m/n/12 '\T1/lmtt/m/n/12 mean_absolute_error\TS1/lmtt/m/n/12 '\
T1/lmtt/m/n/12 : 6.936451058070015}[] 
 []


Overfull \hbox (18.07022pt too wide) in paragraph at lines 705--705
[]\T1/lmtt/m/n/12 ##         age  monthly_fee  total_amount  ...  cluster      
 X_pca       Y_pca[] 
 []


Overfull \hbox (18.06322pt too wide) in paragraph at lines 705--705
[]\T1/lmtt/m/n/12 ## 1315   54.0         10.0           0.0  ...        0 -314.
382133  -22.760035[] 
 []


Overfull \hbox (18.0422pt too wide) in paragraph at lines 705--705
[]\T1/lmtt/m/n/12 ## 1607   58.0         10.0           5.0  ...        0 -311.
253951  111.949308[] 
 []


Overfull \hbox (18.05621pt too wide) in paragraph at lines 705--705
[]\T1/lmtt/m/n/12 ## 1722   50.0         10.0           0.0  ...        0 -314.
587300  -22.906371[] 
 []


Overfull \hbox (18.04921pt too wide) in paragraph at lines 705--705
[]\T1/lmtt/m/n/12 ## 1723   43.0         10.0           0.0  ...        0 -314.
792900  -22.807768[] 
 []


Overfull \hbox (18.05621pt too wide) in paragraph at lines 705--705
[]\T1/lmtt/m/n/12 ## 1724   47.0         10.0           0.0  ...        0 -314.
675414  -22.864113[] 
 []


Overfull \hbox (18.07022pt too wide) in paragraph at lines 705--705
[]\T1/lmtt/m/n/12 ## ...     ...          ...           ...  ...      ...      
   ...         ...[] 
 []


Overfull \hbox (18.0352pt too wide) in paragraph at lines 705--705
[]\T1/lmtt/m/n/12 ## 25311   7.0          1.0          17.0  ...        0 -299.
396455  -21.086518[] 
 []


Overfull \hbox (18.06322pt too wide) in paragraph at lines 705--705
[]\T1/lmtt/m/n/12 ## 25312   8.0          1.0          12.0  ...        0 -304.
363733  -21.171378[] 
 []


Overfull \hbox (18.04921pt too wide) in paragraph at lines 705--705
[]\T1/lmtt/m/n/12 ## 25313   2.0          1.0          17.0  ...        0 -299.
543312  -21.016087[] 
 []


Overfull \hbox (18.0422pt too wide) in paragraph at lines 705--705
[]\T1/lmtt/m/n/12 ## 25314  14.0          1.0          17.0  ...        0 -299.
190856  -21.185122[] 
 []


Overfull \hbox (18.05621pt too wide) in paragraph at lines 705--705
[]\T1/lmtt/m/n/12 ## 25315  28.0         10.0           0.0  ...        0 -315.
721777  -21.659085[] 
 []

[12]
Overfull \hbox (363.78635pt too wide) in paragraph at lines 705--705
[]\T1/lmtt/m/n/12 ## {\TS1/lmtt/m/n/12 '\T1/lmtt/m/n/12 root_mean_squared_error
\TS1/lmtt/m/n/12 '\T1/lmtt/m/n/12 : 74.2364212202185, \TS1/lmtt/m/n/12 '\T1/lmt
t/m/n/12 median_absolute_error\TS1/lmtt/m/n/12 '\T1/lmtt/m/n/12 : 26.0661381492
82644, \TS1/lmtt/m/n/12 '\T1/lmtt/m/n/12 mean_absolute_error\TS1/lmtt/m/n/12 '\
T1/lmtt/m/n/12 : 52.65965747301969}[] 
 []


Overfull \hbox (1827.33911pt too wide) in paragraph at lines 705--705
[]\T1/lmtt/m/n/12 ## /home/sobreiro/miniconda3/envs/survival/lib/python3.7/site
-packages/pysurvival/utils/display.py:395: RuntimeWarning: More than 20 figures
 have been opened. Figures created through the pyplot interface (\TS1/lmtt/m/n/
12 `\T1/lmtt/m/n/12 matplotlib.pyplot.figure\TS1/lmtt/m/n/12 `\T1/lmtt/m/n/12 )
 are retained until explicitly closed and may consume too much memory. (To cont
rol this warning, see the rcParam \TS1/lmtt/m/n/12 `\T1/lmtt/m/n/12 figure.max_
open_warning\TS1/lmtt/m/n/12 `\T1/lmtt/m/n/12 ).[] 
 []

File: articleCustomerDropoutMembership_files/figure-latex/removeVar-3.pdf Graph
ic file (type pdf)
<use articleCustomerDropoutMembership_files/figure-latex/removeVar-3.pdf>
Package pdftex.def Info: articleCustomerDropoutMembership_files/figure-latex/re
moveVar-3.pdf  used on input line 707.
(pdftex.def)             Requested size: 469.75827pt x 195.7326pt.
File: articleCustomerDropoutMembership_files/figure-latex/removeVar-4.pdf Graph
ic file (type pdf)
<use articleCustomerDropoutMembership_files/figure-latex/removeVar-4.pdf>
Package pdftex.def Info: articleCustomerDropoutMembership_files/figure-latex/re
moveVar-4.pdf  used on input line 708.
(pdftex.def)             Requested size: 469.75827pt x 234.87912pt.
<articleCustomerDropoutMembership_files/figure-latex/removeVar-5.pdf, id=279, 8
67.24pt x 361.35pt>
File: articleCustomerDropoutMembership_files/figure-latex/removeVar-5.pdf Graph
ic file (type pdf)
<use articleCustomerDropoutMembership_files/figure-latex/removeVar-5.pdf>
Package pdftex.def Info: articleCustomerDropoutMembership_files/figure-latex/re
moveVar-5.pdf  used on input line 709.
(pdftex.def)             Requested size: 469.75827pt x 195.7326pt.
<articleCustomerDropoutMembership_files/figure-latex/removeVar-6.pdf, id=280, 8
67.24pt x 433.62pt>
File: articleCustomerDropoutMembership_files/figure-latex/removeVar-6.pdf Graph
ic file (type pdf)
<use articleCustomerDropoutMembership_files/figure-latex/removeVar-6.pdf>
Package pdftex.def Info: articleCustomerDropoutMembership_files/figure-latex/re
moveVar-6.pdf  used on input line 710.
(pdftex.def)             Requested size: 469.75827pt x 234.87912pt.
<articleCustomerDropoutMembership_files/figure-latex/removeVar-7.pdf, id=281, 8
67.24pt x 361.35pt>
File: articleCustomerDropoutMembership_files/figure-latex/removeVar-7.pdf Graph
ic file (type pdf)
<use articleCustomerDropoutMembership_files/figure-latex/removeVar-7.pdf>
Package pdftex.def Info: articleCustomerDropoutMembership_files/figure-latex/re
moveVar-7.pdf  used on input line 711.
(pdftex.def)             Requested size: 469.75827pt x 195.7326pt.
<articleCustomerDropoutMembership_files/figure-latex/removeVar-8.pdf, id=282, 8
67.24pt x 433.62pt>
File: articleCustomerDropoutMembership_files/figure-latex/removeVar-8.pdf Graph
ic file (type pdf)
<use articleCustomerDropoutMembership_files/figure-latex/removeVar-8.pdf>
Package pdftex.def Info: articleCustomerDropoutMembership_files/figure-latex/re
moveVar-8.pdf  used on input line 712.
(pdftex.def)             Requested size: 469.75827pt x 234.87912pt.
<articleCustomerDropoutMembership_files/figure-latex/removeVar-9.pdf, id=283, 8
67.24pt x 361.35pt>
File: articleCustomerDropoutMembership_files/figure-latex/removeVar-9.pdf Graph
ic file (type pdf)
<use articleCustomerDropoutMembership_files/figure-latex/removeVar-9.pdf>
Package pdftex.def Info: articleCustomerDropoutMembership_files/figure-latex/re
moveVar-9.pdf  used on input line 713.
(pdftex.def)             Requested size: 469.75827pt x 195.7326pt.
<articleCustomerDropoutMembership_files/figure-latex/removeVar-10.pdf, id=284, 
867.24pt x 433.62pt>
File: articleCustomerDropoutMembership_files/figure-latex/removeVar-10.pdf Grap
hic file (type pdf)
<use articleCustomerDropoutMembership_files/figure-latex/removeVar-10.pdf>
Package pdftex.def Info: articleCustomerDropoutMembership_files/figure-latex/re
moveVar-10.pdf  used on input line 714.
(pdftex.def)             Requested size: 469.75827pt x 234.87912pt.
<articleCustomerDropoutMembership_files/figure-latex/removeVar-11.pdf, id=285, 
867.24pt x 361.35pt>
File: articleCustomerDropoutMembership_files/figure-latex/removeVar-11.pdf Grap
hic file (type pdf)
<use articleCustomerDropoutMembership_files/figure-latex/removeVar-11.pdf>
Package pdftex.def Info: articleCustomerDropoutMembership_files/figure-latex/re
moveVar-11.pdf  used on input line 715.
(pdftex.def)             Requested size: 469.75827pt x 195.7326pt.
<articleCustomerDropoutMembership_files/figure-latex/removeVar-12.pdf, id=286, 
867.24pt x 433.62pt>
File: articleCustomerDropoutMembership_files/figure-latex/removeVar-12.pdf Grap
hic file (type pdf)
<use articleCustomerDropoutMembership_files/figure-latex/removeVar-12.pdf>
Package pdftex.def Info: articleCustomerDropoutMembership_files/figure-latex/re
moveVar-12.pdf  used on input line 716.
(pdftex.def)             Requested size: 469.75827pt x 234.87912pt.
[13] [14 <./articleCustomerDropoutMembership_files/figure-latex/removeVar-5.pdf
> <./articleCustomerDropoutMembership_files/figure-latex/removeVar-6.pdf

pdfTeX warning: pdflatex (file ./articleCustomerDropoutMembership_files/figure-
latex/removeVar-6.pdf): PDF inclusion: multiple pdfs with page group included i
n a single page
> <./articleCustomerDropoutMembership_files/figure-latex/removeVar-7.pdf

pdfTeX warning: pdflatex (file ./articleCustomerDropoutMembership_files/figure-
latex/removeVar-7.pdf): PDF inclusion: multiple pdfs with page group included i
n a single page
>] [15 <./articleCustomerDropoutMembership_files/figure-latex/removeVar-8.pdf> 
<./articleCustomerDropoutMembership_files/figure-latex/removeVar-9.pdf

pdfTeX warning: pdflatex (file ./articleCustomerDropoutMembership_files/figure-
latex/removeVar-9.pdf): PDF inclusion: multiple pdfs with page group included i
n a single page
>] [16 <./articleCustomerDropoutMembership_files/figure-latex/removeVar-10.pdf>
 <./articleCustomerDropoutMembership_files/figure-latex/removeVar-11.pdf

pdfTeX warning: pdflatex (file ./articleCustomerDropoutMembership_files/figure-
latex/removeVar-11.pdf): PDF inclusion: multiple pdfs with page group included 
in a single page
>] [17 <./articleCustomerDropoutMembership_files/figure-latex/removeVar-12.pdf>
] [18] [19]
Underfull \hbox (badness 10000) in paragraph at lines 908--909
[]|\T1/lmr/m/n/10 (+20) Survival trees
 []


Underfull \hbox (badness 10000) in paragraph at lines 910--911
[]|\T1/lmr/m/n/10 (+20) Scikit sur-vival
 []


Underfull \hbox (badness 10000) in paragraph at lines 912--913
[]|\T1/lmr/m/n/10 (+20) Scikit sur-vival
 []


Underfull \hbox (badness 10000) in paragraph at lines 914--915
[]|\T1/lmr/m/n/10 (+20) Scikit sur-vival
 []


Underfull \hbox (badness 10000) in paragraph at lines 916--918
[]|\T1/lmr/m/n/10 (+20) Scikit sur-vival
 []


Underfull \hbox (badness 5652) in paragraph at lines 916--918
\T1/lmr/m/n/10 (+20) gra-di-ent boost
 []


Overfull \hbox (12.51079pt too wide) in paragraph at lines 903--921
 [][] 
 []


Underfull \hbox (badness 10000) in paragraph at lines 936--937
[]|\T1/lmr/m/n/10 (+20) Survival trees
 []


Underfull \hbox (badness 10000) in paragraph at lines 939--940
[]|\T1/lmr/m/n/10 (+20) Scikit sur-vival
 []


Underfull \hbox (badness 10000) in paragraph at lines 941--942
[]|\T1/lmr/m/n/10 (+20) Scikit sur-vival
 []


Underfull \hbox (badness 10000) in paragraph at lines 943--944
[]|\T1/lmr/m/n/10 (+20) Scikit sur-vival
 []


Underfull \hbox (badness 10000) in paragraph at lines 945--947
[]|\T1/lmr/m/n/10 (+20) Scikit sur-vival
 []


Underfull \hbox (badness 5652) in paragraph at lines 945--947
\T1/lmr/m/n/10 (+20) gra-di-ent boost
 []

[20pdfTeX warning (ext4): destination with the same identifier (name{table.3}) 
has been already used, duplicate ignored

\AtBegShi@Output ...ipout \box \AtBeginShipoutBox 
                                                  \fi \fi 
l.969 
      ] [21pdfTeX warning (ext4): destination with the same identifier (name{ta
ble.4}) has been already used, duplicate ignored

\AtBegShi@Output ...ipout \box \AtBeginShipoutBox 
                                                  \fi \fi 
l.1019 
       ] [22]
Underfull \hbox (badness 1077) in paragraph at lines 1088--1091
[]\T1/lmr/m/n/12 (+20) Ehrlinger, John. 2016. ``ggRandom-Forests: Ex-plor-ing R
an-dom For-est Sur-vival.''
 []

[23]
Overfull \hbox (5.71321pt too wide) in paragraph at lines 1251--1251
[]\T1/lmtt/m/n/12 ## # LAPACK: /home/sobreiro/miniconda3/envs/survival/lib/libm
kl_intel_lp64.so[] 
 []

[24] [25]
Package atveryend Info: Empty hook `BeforeClearDocument' on input line 1270.
[26]
Package atveryend Info: Empty hook `AfterLastShipout' on input line 1270.
(./articleCustomerDropoutMembership.aux)
Package atveryend Info: Executing hook `AtVeryEndDocument' on input line 1270.
Package atveryend Info: Empty hook `AtEndAfterFileList' on input line 1270.

LaTeX Warning: There were multiply-defined labels.

 ) 
Here is how much of TeX's memory you used:
 16128 strings out of 483107
 239605 string characters out of 5964630
 550643 words of memory out of 5000000
 30600 multiletter control sequences out of 15000+600000
 618388 words of font info for 141 fonts, out of 8000000 for 9000
 59 hyphenation exceptions out of 8191
 41i,11n,42p,831b,463s stack positions out of 5000i,500n,10000p,200000b,80000s
{/usr/share/texmf/fonts/enc/dvips/lm/lm-ec.enc}{/usr/share/texmf/fonts/enc/dv
ips/lm/lm-ts1.enc}{/usr/share/texmf/fonts/enc/dvips/lm/lm-mathit.enc}</usr/shar
e/texmf/fonts/type1/public/lm/lmbx10.pfb></usr/share/texmf/fonts/type1/public/l
m/lmbx12.pfb></usr/share/texmf/fonts/type1/public/lm/lmmi12.pfb></usr/share/tex
mf/fonts/type1/public/lm/lmr10.pfb></usr/share/texmf/fonts/type1/public/lm/lmr1
2.pfb></usr/share/texmf/fonts/type1/public/lm/lmr17.pfb></usr/share/texmf/fonts
/type1/public/lm/lmr7.pfb></usr/share/texmf/fonts/type1/public/lm/lmri12.pfb></
usr/share/texmf/fonts/type1/public/lm/lmtt12.pfb></usr/share/texmf/fonts/type1/
public/lm/lmtti10.pfb>
Output written on articleCustomerDropoutMembership.pdf (26 pages, 406397 bytes)
.
PDF statistics:
 904 PDF objects out of 1000 (max. 8388607)
 435 compressed objects within 5 object streams
 105 named destinations out of 1000 (max. 500000)
 16565 words of extra memory for PDF output out of 17280 (max. 10000000)

